TN:
SF:./src/client/app/admin/admin.module.js
FN:1,(anonymous_1)
FNF:1
FNH:1
FNDA:1,(anonymous_1)
DA:1,1
DA:4,1
LF:2
LH:2
BRF:0
BRH:0
end_of_record
TN:
SF:./src/client/app/app.module.js
FN:1,(anonymous_1)
FNF:1
FNH:1
FNDA:1,(anonymous_1)
DA:1,1
DA:4,1
LF:2
LH:2
BRF:0
BRH:0
end_of_record
TN:
SF:./src/client/app/blocks/exception/exception.module.js
FN:1,(anonymous_1)
FNF:1
FNH:1
FNDA:1,(anonymous_1)
DA:1,1
DA:4,1
LF:2
LH:2
BRF:0
BRH:0
end_of_record
TN:
SF:./src/client/app/blocks/logger/logger.module.js
FN:1,(anonymous_1)
FNF:1
FNH:1
FNDA:1,(anonymous_1)
DA:1,1
DA:4,1
LF:2
LH:2
BRF:0
BRH:0
end_of_record
TN:
SF:./src/client/app/blocks/router/router.module.js
FN:1,(anonymous_1)
FNF:1
FNH:1
FNDA:1,(anonymous_1)
DA:1,1
DA:4,1
LF:2
LH:2
BRF:0
BRH:0
end_of_record
TN:
SF:./src/client/app/core/core.module.js
FN:1,(anonymous_1)
FNF:1
FNH:1
FNDA:1,(anonymous_1)
DA:1,1
DA:4,1
LF:2
LH:2
BRF:0
BRH:0
end_of_record
TN:
SF:./src/client/app/dashboard/dashboard.module.js
FN:1,(anonymous_1)
FNF:1
FNH:1
FNDA:1,(anonymous_1)
DA:1,1
DA:4,1
LF:2
LH:2
BRF:0
BRH:0
end_of_record
TN:
SF:./src/client/app/layout/layout.module.js
FN:1,(anonymous_1)
FNF:1
FNH:1
FNDA:1,(anonymous_1)
DA:1,1
DA:4,1
LF:2
LH:2
BRF:0
BRH:0
end_of_record
TN:
SF:./src/client/app/widgets/widgets.module.js
FN:1,(anonymous_1)
FNF:1
FNH:1
FNDA:1,(anonymous_1)
DA:1,1
DA:4,1
LF:2
LH:2
BRF:0
BRH:0
end_of_record
TN:
SF:./src/client/app/admin/admin.controller.js
FN:1,(anonymous_1)
FN:10,AdminController
FN:16,activate
FNF:3
FNH:3
FNDA:1,(anonymous_1)
FNDA:3,AdminController
FNDA:3,activate
DA:1,1
DA:4,1
DA:8,1
DA:10,1
DA:11,3
DA:12,3
DA:14,3
DA:16,1
DA:17,3
LF:9
LH:9
BRF:0
BRH:0
end_of_record
TN:
SF:./src/client/app/admin/admin.route.js
FN:1,(anonymous_1)
FN:10,appRun
FN:14,getStates
FNF:3
FNH:3
FNDA:1,(anonymous_1)
FNDA:6,appRun
FNDA:6,getStates
DA:1,1
DA:4,1
DA:8,1
DA:10,1
DA:11,6
DA:14,1
DA:15,6
LF:7
LH:7
BRF:0
BRH:0
end_of_record
TN:
SF:./src/client/app/blocks/exception/exception-handler.provider.js
FN:3,(anonymous_1)
FN:14,exceptionHandlerProvider
FN:20,(anonymous_3)
FN:24,(anonymous_4)
FN:37,config
FN:50,extendExceptionHandler
FN:51,(anonymous_7)
FNF:7
FNH:7
FNDA:1,(anonymous_1)
FNDA:39,exceptionHandlerProvider
FNDA:36,(anonymous_3)
FNDA:41,(anonymous_4)
FNDA:39,config
FNDA:39,extendExceptionHandler
FNDA:1,(anonymous_7)
DA:3,1
DA:6,1
DA:14,1
DA:16,39
DA:20,39
DA:21,36
DA:24,39
DA:25,41
DA:29,1
DA:37,1
DA:38,39
DA:41,1
DA:50,1
DA:51,39
DA:52,1
DA:53,1
DA:54,1
DA:55,1
DA:65,0
LF:19
LH:18
BRDA:52,1,0,1
BRDA:52,1,1,0
BRF:2
BRH:1
end_of_record
TN:
SF:./src/client/app/blocks/exception/exception.js
FN:1,(anonymous_1)
FN:9,exception
FN:15,catcher
FN:16,(anonymous_4)
FNF:4
FNH:2
FNDA:1,(anonymous_1)
FNDA:9,exception
FNDA:0,catcher
FNDA:0,(anonymous_4)
DA:1,1
DA:4,1
DA:9,1
DA:10,9
DA:13,9
DA:15,1
DA:16,0
DA:17,0
DA:18,0
DA:19,0
DA:20,0
DA:21,0
DA:23,0
DA:24,0
DA:25,0
LF:15
LH:6
BRDA:19,1,0,0
BRDA:19,1,1,0
BRDA:19,2,0,0
BRDA:19,2,1,0
BRF:4
BRH:0
end_of_record
TN:
SF:./src/client/app/blocks/logger/logger.js
FN:1,(anonymous_1)
FN:11,logger
FN:27,error
FN:32,info
FN:37,success
FN:42,warning
FNF:6
FNH:4
FNDA:1,(anonymous_1)
FNDA:39,logger
FNDA:0,error
FNDA:9,info
FNDA:3,success
FNDA:0,warning
DA:1,1
DA:4,1
DA:8,1
DA:11,1
DA:12,39
DA:24,39
DA:27,1
DA:28,0
DA:29,0
DA:32,1
DA:33,9
DA:34,9
DA:37,1
DA:38,3
DA:39,3
DA:42,1
DA:43,0
DA:44,0
LF:18
LH:14
BRF:0
BRH:0
end_of_record
TN:
SF:./src/client/app/blocks/router/router-helper.provider.js
FN:2,(anonymous_1)
FN:11,routerHelperProvider
FN:20,(anonymous_3)
FN:27,RouterHelper
FN:47,configureStates
FN:48,(anonymous_6)
FN:59,handleRoutingErrors
FN:64,(anonymous_8)
FN:82,init
FN:87,getStates
FN:89,updateDocTitle
FN:91,(anonymous_12)
FNF:12
FNH:11
FNDA:1,(anonymous_1)
FNDA:31,routerHelperProvider
FNDA:31,(anonymous_3)
FNDA:31,RouterHelper
FNDA:49,configureStates
FNDA:49,(anonymous_6)
FNDA:31,handleRoutingErrors
FNDA:0,(anonymous_8)
FNDA:31,init
FNDA:3,getStates
FNDA:31,updateDocTitle
FNDA:18,(anonymous_12)
DA:2,1
DA:5,1
DA:9,1
DA:11,1
DA:13,31
DA:18,31
DA:20,31
DA:21,31
DA:24,31
DA:25,31
DA:27,1
DA:28,31
DA:29,31
DA:30,31
DA:35,31
DA:41,31
DA:43,31
DA:47,1
DA:48,49
DA:49,49
DA:51,49
DA:53,49
DA:54,31
DA:55,31
DA:59,1
DA:63,31
DA:65,0
DA:66,0
DA:68,0
DA:69,0
DA:70,0
DA:73,0
DA:76,0
DA:77,0
DA:82,1
DA:83,31
DA:84,31
DA:87,3
DA:89,1
DA:90,31
DA:92,18
DA:93,18
DA:94,18
DA:95,18
LF:44
LH:36
BRDA:50,1,0,49
BRDA:50,1,1,49
BRDA:53,2,0,31
BRDA:53,2,1,18
BRDA:53,3,0,49
BRDA:53,3,1,34
BRDA:65,4,0,0
BRDA:65,4,1,0
BRDA:70,5,0,0
BRDA:70,5,1,0
BRDA:70,5,2,0
BRDA:70,5,3,0
BRDA:70,5,4,0
BRDA:74,6,0,0
BRDA:74,6,1,0
BRDA:74,7,0,0
BRDA:74,7,1,0
BRDA:75,8,0,0
BRDA:75,8,1,0
BRDA:94,9,0,18
BRDA:94,9,1,0
BRF:21
BRH:7
end_of_record
TN:
SF:./src/client/app/core/config.js
FN:1,(anonymous_1)
FN:10,toastrConfig
FN:26,configure
FNF:3
FNH:3
FNDA:1,(anonymous_1)
FNDA:31,toastrConfig
FNDA:31,configure
DA:1,1
DA:4,1
DA:6,1
DA:8,1
DA:10,1
DA:11,31
DA:12,31
DA:15,1
DA:20,1
DA:22,1
DA:24,1
DA:26,1
DA:28,31
DA:29,31
DA:41,31
DA:54,31
DA:65,31
DA:66,31
DA:68,31
DA:69,31
LF:20
LH:20
BRDA:65,1,0,31
BRDA:65,1,1,0
BRF:2
BRH:1
end_of_record
TN:
SF:./src/client/app/core/constants.js
FN:2,(anonymous_1)
FNF:1
FNH:1
FNDA:1,(anonymous_1)
DA:2,1
DA:5,1
LF:2
LH:2
BRF:0
BRH:0
end_of_record
TN:
SF:./src/client/app/core/core.route.js
FN:1,(anonymous_1)
FN:9,appRun
FN:14,getStates
FNF:3
FNH:3
FNDA:1,(anonymous_1)
FNDA:31,appRun
FNDA:31,getStates
DA:1,1
DA:4,1
DA:9,1
DA:10,31
DA:11,31
DA:14,1
DA:15,31
LF:7
LH:7
BRF:0
BRH:0
end_of_record
TN:
SF:./src/client/app/core/dataservice.js
FN:1,(anonymous_1)
FN:10,dataservice
FN:18,getMessageCount
FN:20,getPeople
FN:25,success
FN:29,fail
FNF:6
FNH:3
FNDA:1,(anonymous_1)
FNDA:9,dataservice
FNDA:6,getMessageCount
FNDA:0,getPeople
FNDA:0,success
FNDA:0,fail
DA:1,1
DA:4,1
DA:8,1
DA:10,1
DA:11,9
DA:16,9
DA:18,6
DA:20,1
DA:21,0
DA:25,1
DA:26,0
DA:29,1
DA:30,0
LF:13
LH:10
BRF:0
BRH:0
end_of_record
TN:
SF:./src/client/app/dashboard/dashboard.controller.js
FN:1,(anonymous_1)
FN:10,DashboardController
FN:36,activate
FN:38,(anonymous_4)
FN:43,getMessageCount
FN:44,(anonymous_6)
FN:50,getPeople
FN:51,(anonymous_8)
FNF:8
FNH:8
FNDA:1,(anonymous_1)
FNDA:6,DashboardController
FNDA:6,activate
FNDA:6,(anonymous_4)
FNDA:6,getMessageCount
FNDA:6,(anonymous_6)
FNDA:6,getPeople
FNDA:6,(anonymous_8)
DA:1,1
DA:4,1
DA:8,1
DA:10,1
DA:11,6
DA:12,6
DA:16,6
DA:17,6
DA:18,6
DA:19,6
DA:34,6
DA:36,1
DA:37,6
DA:38,6
DA:39,6
DA:43,1
DA:44,6
DA:45,6
DA:46,6
DA:50,1
DA:51,6
DA:52,6
DA:53,6
LF:23
LH:23
BRF:0
BRH:0
end_of_record
TN:
SF:./src/client/app/dashboard/dashboard.route.js
FN:1,(anonymous_1)
FN:10,appRun
FN:14,getStates
FNF:3
FNH:3
FNDA:1,(anonymous_1)
FNDA:9,appRun
FNDA:9,getStates
DA:1,1
DA:4,1
DA:8,1
DA:10,1
DA:11,9
DA:14,1
DA:15,9
LF:7
LH:7
BRF:0
BRH:0
end_of_record
TN:
SF:./src/client/app/layout/ht-sidebar.directive.js
FN:1,(anonymous_1)
FN:9,htSidebar
FN:25,link
FN:31,dropdown
FNF:4
FNH:4
FNDA:1,(anonymous_1)
FNDA:7,htSidebar
FNDA:7,link
FNDA:5,dropdown
DA:1,1
DA:4,1
DA:9,1
DA:16,7
DA:23,7
DA:25,1
DA:26,7
DA:27,7
DA:28,7
DA:29,7
DA:31,1
DA:32,5
DA:33,5
DA:34,5
DA:35,3
DA:36,3
DA:37,2
DA:38,2
DA:39,2
LF:19
LH:19
BRDA:34,1,0,3
BRDA:34,1,1,2
BRDA:37,2,0,2
BRDA:37,2,1,0
BRF:4
BRH:3
end_of_record
TN:
SF:./src/client/app/layout/ht-top-nav.directive.js
FN:1,(anonymous_1)
FN:9,htTopNav
FN:22,TopNavController
FN:26,changeLanguage
FNF:4
FNH:1
FNDA:1,(anonymous_1)
FNDA:0,htTopNav
FNDA:0,TopNavController
FNDA:0,changeLanguage
DA:1,1
DA:4,1
DA:9,1
DA:10,0
DA:22,1
DA:23,0
DA:24,0
DA:26,1
DA:27,0
DA:31,0
LF:10
LH:5
BRF:0
BRH:0
end_of_record
TN:
SF:./src/client/app/layout/shell.controller.js
FN:1,(anonymous_1)
FN:10,ShellController
FN:23,activate
FN:28,hideSplash
FN:30,(anonymous_5)
FNF:5
FNH:5
FNDA:1,(anonymous_1)
FNDA:3,ShellController
FNDA:3,activate
FNDA:3,hideSplash
FNDA:1,(anonymous_5)
DA:1,1
DA:4,1
DA:8,1
DA:10,1
DA:11,3
DA:12,3
DA:13,3
DA:14,3
DA:15,3
DA:21,3
DA:23,1
DA:24,3
DA:25,3
DA:28,1
DA:30,3
DA:31,1
LF:16
LH:16
BRF:0
BRH:0
end_of_record
TN:
SF:./src/client/app/layout/sidebar.controller.js
FN:1,(anonymous_1)
FN:10,SidebarController
FN:17,activate
FN:19,getNavRoutes
FN:20,(anonymous_5)
FN:22,(anonymous_6)
FN:27,isCurrent
FNF:7
FNH:6
FNDA:1,(anonymous_1)
FNDA:3,SidebarController
FNDA:3,activate
FNDA:3,getNavRoutes
FNDA:9,(anonymous_5)
FNDA:0,(anonymous_6)
FNDA:3,isCurrent
DA:1,1
DA:4,1
DA:8,1
DA:10,1
DA:11,3
DA:12,3
DA:13,3
DA:15,3
DA:17,3
DA:19,1
DA:20,3
DA:21,9
DA:23,0
DA:27,1
DA:28,3
DA:29,0
DA:31,3
DA:32,3
LF:18
LH:16
BRDA:21,1,0,9
BRDA:21,1,1,3
BRDA:28,2,0,0
BRDA:28,2,1,3
BRDA:28,3,0,3
BRDA:28,3,1,3
BRDA:28,3,2,3
BRDA:32,4,0,2
BRDA:32,4,1,1
BRF:9
BRH:8
end_of_record
TN:
SF:./src/client/app/widgets/ht-img-person.directive.js
FN:1,(anonymous_1)
FN:10,htImgPerson
FN:21,link
FN:22,(anonymous_4)
FNF:4
FNH:1
FNDA:1,(anonymous_1)
FNDA:0,htImgPerson
FNDA:0,link
FNDA:0,(anonymous_4)
DA:1,1
DA:4,1
DA:8,1
DA:10,1
DA:13,0
DA:14,0
DA:15,0
DA:19,0
DA:21,1
DA:22,0
DA:23,0
DA:24,0
LF:12
LH:5
BRDA:23,1,0,0
BRDA:23,1,1,0
BRF:2
BRH:0
end_of_record
TN:
SF:./src/client/app/widgets/ht-widget-header.directive.js
FN:1,(anonymous_1)
FN:9,htWidgetHeader
FNF:2
FNH:1
FNDA:1,(anonymous_1)
FNDA:0,htWidgetHeader
DA:1,1
DA:4,1
DA:9,1
DA:16,0
DA:26,0
LF:5
LH:3
BRF:0
BRH:0
end_of_record
TN:
SF:./src/client/app/widgets/ht-widget-towel.directive.js
FN:1,(anonymous_1)
FN:9,htWidgetTowel
FNF:2
FNH:1
FNDA:1,(anonymous_1)
FNDA:0,htWidgetTowel
DA:1,1
DA:4,1
DA:9,1
DA:17,0
DA:25,0
LF:5
LH:3
BRF:0
BRH:0
end_of_record
